<?xml version="1.0" encoding="UTF-8"?>
<coverage generated="1581344791977" clover="3.2.0">
  <project timestamp="1581344791977" name="All files">
    <metrics statements="58" coveredstatements="57" conditionals="27" coveredconditionals="15" methods="11" coveredmethods="10" elements="96" coveredelements="82" complexity="0" loc="58" ncloc="58" packages="4" files="8" classes="8"/>
    <package name="src">
      <metrics statements="26" coveredstatements="25" conditionals="7" coveredconditionals="4" methods="4" coveredmethods="3"/>
      <file name="GlobalStyles.tsx" path="/Users/mwood/code/minerva-ui/src/GlobalStyles.tsx">
        <metrics statements="4" coveredstatements="3" conditionals="5" coveredconditionals="2" methods="1" coveredmethods="0"/>
        <line num="1" count="4" type="stmt"/>
        <line num="8" count="4" type="cond" truecount="2" falsecount="0"/>
        <line num="460" count="0" type="cond" truecount="0" falsecount="3"/>
        <line num="597" count="4" type="stmt"/>
      </file>
      <file name="ThemeProvider.tsx" path="/Users/mwood/code/minerva-ui/src/ThemeProvider.tsx">
        <metrics statements="6" coveredstatements="6" conditionals="2" coveredconditionals="2" methods="1" coveredmethods="1"/>
        <line num="1" count="4" type="stmt"/>
        <line num="2" count="4" type="stmt"/>
        <line num="3" count="4" type="stmt"/>
        <line num="14" count="26" type="cond" truecount="2" falsecount="0"/>
        <line num="16" count="13" type="stmt"/>
        <line num="31" count="4" type="stmt"/>
      </file>
      <file name="index.tsx" path="/Users/mwood/code/minerva-ui/src/index.tsx">
        <metrics statements="7" coveredstatements="7" conditionals="0" coveredconditionals="0" methods="0" coveredmethods="0"/>
        <line num="1" count="4" type="stmt"/>
        <line num="2" count="4" type="stmt"/>
        <line num="3" count="4" type="stmt"/>
        <line num="4" count="4" type="stmt"/>
        <line num="5" count="4" type="stmt"/>
        <line num="6" count="4" type="stmt"/>
        <line num="7" count="4" type="stmt"/>
      </file>
      <file name="layout.tsx" path="/Users/mwood/code/minerva-ui/src/layout.tsx">
        <metrics statements="6" coveredstatements="6" conditionals="0" coveredconditionals="0" methods="2" coveredmethods="2"/>
        <line num="1" count="4" type="stmt"/>
        <line num="2" count="4" type="stmt"/>
        <line num="32" count="4" type="stmt"/>
        <line num="33" count="8" type="stmt"/>
        <line num="48" count="4" type="stmt"/>
        <line num="49" count="1" type="stmt"/>
      </file>
      <file name="theme.ts" path="/Users/mwood/code/minerva-ui/src/theme.ts">
        <metrics statements="3" coveredstatements="3" conditionals="0" coveredconditionals="0" methods="0" coveredmethods="0"/>
        <line num="4" count="4" type="stmt"/>
        <line num="12" count="4" type="stmt"/>
        <line num="229" count="4" type="stmt"/>
      </file>
    </package>
    <package name="src.Button">
      <metrics statements="11" coveredstatements="11" conditionals="2" coveredconditionals="1" methods="2" coveredmethods="2"/>
      <file name="index.tsx" path="/Users/mwood/code/minerva-ui/src/Button/index.tsx">
        <metrics statements="11" coveredstatements="11" conditionals="2" coveredconditionals="1" methods="2" coveredmethods="2"/>
        <line num="1" count="4" type="stmt"/>
        <line num="2" count="4" type="stmt"/>
        <line num="3" count="4" type="stmt"/>
        <line num="16" count="4" type="stmt"/>
        <line num="17" count="4" type="stmt"/>
        <line num="73" count="4" type="stmt"/>
        <line num="74" count="4" type="stmt"/>
        <line num="75" count="8" type="cond" truecount="1" falsecount="1"/>
        <line num="76" count="4" type="stmt"/>
        <line num="77" count="4" type="stmt"/>
        <line num="79" count="4" type="stmt"/>
      </file>
    </package>
    <package name="src.Checkbox">
      <metrics statements="13" coveredstatements="13" conditionals="16" coveredconditionals="9" methods="3" coveredmethods="3"/>
      <file name="index.tsx" path="/Users/mwood/code/minerva-ui/src/Checkbox/index.tsx">
        <metrics statements="13" coveredstatements="13" conditionals="16" coveredconditionals="9" methods="3" coveredmethods="3"/>
        <line num="1" count="4" type="stmt"/>
        <line num="2" count="4" type="stmt"/>
        <line num="3" count="4" type="stmt"/>
        <line num="15" count="4" type="stmt"/>
        <line num="22" count="4" type="stmt"/>
        <line num="33" count="4" type="stmt"/>
        <line num="34" count="1" type="stmt"/>
        <line num="66" count="4" type="cond" truecount="2" falsecount="2"/>
        <line num="67" count="1" type="stmt"/>
        <line num="83" count="4" type="cond" truecount="2" falsecount="0"/>
        <line num="106" count="4" type="stmt"/>
        <line num="107" count="2" type="cond" truecount="1" falsecount="1"/>
        <line num="109" count="1" type="stmt"/>
      </file>
    </package>
    <package name="src.Text">
      <metrics statements="8" coveredstatements="8" conditionals="2" coveredconditionals="1" methods="2" coveredmethods="2"/>
      <file name="index.tsx" path="/Users/mwood/code/minerva-ui/src/Text/index.tsx">
        <metrics statements="8" coveredstatements="8" conditionals="2" coveredconditionals="1" methods="2" coveredmethods="2"/>
        <line num="1" count="4" type="stmt"/>
        <line num="2" count="4" type="stmt"/>
        <line num="3" count="4" type="stmt"/>
        <line num="16" count="4" type="stmt"/>
        <line num="20" count="2" type="stmt"/>
        <line num="41" count="4" type="cond" truecount="1" falsecount="1"/>
        <line num="42" count="2" type="stmt"/>
        <line num="49" count="4" type="stmt"/>
      </file>
    </package>
  </project>
</coverage>
