{"/Users/mwood/code/minerva-ui/src/GlobalStyles.tsx": {"path":"/Users/mwood/code/minerva-ui/src/GlobalStyles.tsx","statementMap":{"0":{"start":{"line":1,"column":0},"end":{"line":1,"column":54}},"1":{"start":{"line":8,"column":21},"end":{"line":460,"column":null}},"2":{"start":{"line":460,"column":4},"end":{"line":460,"column":null}},"3":{"start":{"line":597,"column":0},"end":{"line":597,"column":28}}},"fnMap":{"0":{"name":"(anonymous_0)","decl":{"start":{"line":459,"column":18},"end":{"line":459,"column":19}},"loc":{"start":{"line":459,"column":45},"end":{"line":460,"column":5}}}},"branchMap":{"0":{"loc":{"start":{"line":8,"column":38},"end":{"line":8,"column":null}},"type":"binary-expr","locations":[{"start":{"line":8,"column":38},"end":{"line":8,"column":null}},{"start":{"line":8,"column":38},"end":{"line":595,"column":2}}]},"1":{"loc":{"start":{"line":460,"column":5},"end":{"line":460,"column":12}},"type":"binary-expr","locations":[{"start":{"line":460,"column":5},"end":{"line":460,"column":12}},{"start":{"line":460,"column":16},"end":{"line":460,"column":42}},{"start":{"line":460,"column":47},"end":{"line":460,"column":56}}]}},"s":{"0":4,"1":4,"2":0,"3":4},"f":{"0":0},"b":{"0":[4,4],"1":[0,0,0]}}
,"/Users/mwood/code/minerva-ui/src/ThemeProvider.tsx": {"path":"/Users/mwood/code/minerva-ui/src/ThemeProvider.tsx","statementMap":{"0":{"start":{"line":1,"column":0},"end":{"line":1,"column":26}},"1":{"start":{"line":2,"column":0},"end":{"line":2,"column":73}},"2":{"start":{"line":3,"column":0},"end":{"line":3,"column":32}},"3":{"start":{"line":14,"column":25},"end":{"line":14,"column":42}},"4":{"start":{"line":14,"column":44},"end":{"line":14,"column":52}},"5":{"start":{"line":16,"column":2},"end":{"line":20,"column":4}},"6":{"start":{"line":31,"column":0},"end":{"line":31,"column":29}}},"fnMap":{"0":{"name":"ThemeProvider","decl":{"start":{"line":14,"column":9},"end":{"line":14,"column":22}},"loc":{"start":{"line":14,"column":69},"end":{"line":21,"column":1}}}},"branchMap":{"0":{"loc":{"start":{"line":14,"column":25},"end":{"line":14,"column":42}},"type":"cond-expr","locations":[{"start":{"line":14,"column":25},"end":{"line":14,"column":42}},{"start":{"line":14,"column":25},"end":{"line":14,"column":42}}]}},"s":{"0":4,"1":4,"2":4,"3":26,"4":13,"5":13,"6":4},"f":{"0":13},"b":{"0":[10,3]}}
,"/Users/mwood/code/minerva-ui/src/index.tsx": {"path":"/Users/mwood/code/minerva-ui/src/index.tsx","statementMap":{"0":{"start":{"line":1,"column":0},"end":{"line":1,"column":9}},"1":{"start":{"line":1,"column":9},"end":{"line":1,"column":26}},"2":{"start":{"line":2,"column":0},"end":{"line":2,"column":9}},"3":{"start":{"line":2,"column":9},"end":{"line":2,"column":28}},"4":{"start":{"line":3,"column":0},"end":{"line":3,"column":9}},"5":{"start":{"line":3,"column":9},"end":{"line":3,"column":24}},"6":{"start":{"line":4,"column":0},"end":{"line":4,"column":9}},"7":{"start":{"line":4,"column":9},"end":{"line":4,"column":33}},"8":{"start":{"line":5,"column":0},"end":{"line":5,"column":9}},"9":{"start":{"line":5,"column":9},"end":{"line":5,"column":32}},"10":{"start":{"line":6,"column":0},"end":{"line":6,"column":9}},"11":{"start":{"line":6,"column":9},"end":{"line":6,"column":32}},"12":{"start":{"line":7,"column":0},"end":{"line":7,"column":9}},"13":{"start":{"line":7,"column":9},"end":{"line":7,"column":16}},"14":{"start":{"line":7,"column":16},"end":{"line":7,"column":39}}},"fnMap":{},"branchMap":{},"s":{"0":4,"1":4,"2":4,"3":4,"4":4,"5":4,"6":4,"7":4,"8":4,"9":4,"10":4,"11":4,"12":4,"13":4,"14":4},"f":{},"b":{}}
,"/Users/mwood/code/minerva-ui/src/layout.tsx": {"path":"/Users/mwood/code/minerva-ui/src/layout.tsx","statementMap":{"0":{"start":{"line":1,"column":0},"end":{"line":1,"column":39}},"1":{"start":{"line":2,"column":0},"end":{"line":2,"column":null}},"2":{"start":{"line":32,"column":13},"end":{"line":46,"column":2}},"3":{"start":{"line":33,"column":8},"end":{"line":35,"column":null}},"4":{"start":{"line":48,"column":13},"end":{"line":62,"column":2}},"5":{"start":{"line":49,"column":8},"end":{"line":51,"column":null}}},"fnMap":{"0":{"name":"(anonymous_0)","decl":{"start":{"line":33,"column":2},"end":{"line":33,"column":8}},"loc":{"start":{"line":33,"column":2},"end":{"line":33,"column":9}}},"1":{"name":"(anonymous_1)","decl":{"start":{"line":49,"column":2},"end":{"line":49,"column":8}},"loc":{"start":{"line":49,"column":2},"end":{"line":49,"column":9}}}},"branchMap":{},"s":{"0":4,"1":4,"2":4,"3":8,"4":4,"5":1},"f":{"0":8,"1":1},"b":{}}
,"/Users/mwood/code/minerva-ui/src/theme.ts": {"path":"/Users/mwood/code/minerva-ui/src/theme.ts","statementMap":{"0":{"start":{"line":4,"column":18},"end":{"line":4,"column":27}},"1":{"start":{"line":12,"column":32},"end":{"line":227,"column":2}},"2":{"start":{"line":229,"column":0},"end":{"line":229,"column":25}}},"fnMap":{},"branchMap":{},"s":{"0":4,"1":4,"2":4},"f":{},"b":{}}
,"/Users/mwood/code/minerva-ui/src/Button/index.tsx": {"path":"/Users/mwood/code/minerva-ui/src/Button/index.tsx","statementMap":{"0":{"start":{"line":1,"column":0},"end":{"line":1,"column":26}},"1":{"start":{"line":2,"column":0},"end":{"line":2,"column":39}},"2":{"start":{"line":3,"column":0},"end":{"line":3,"column":null}},"3":{"start":{"line":16,"column":21},"end":{"line":58,"column":null}},"4":{"start":{"line":17,"column":11},"end":{"line":48,"column":null}},"5":{"start":{"line":74,"column":2},"end":{"line":74,"column":10}},"6":{"start":{"line":75,"column":2},"end":{"line":75,"column":18}},"7":{"start":{"line":76,"column":2},"end":{"line":76,"column":9}},"8":{"start":{"line":77,"column":2},"end":{"line":77,"column":10}},"9":{"start":{"line":79,"column":2},"end":{"line":83,"column":4}},"10":{"start":{"line":73,"column":0},"end":{"line":73,"column":24}}},"fnMap":{"0":{"name":"(anonymous_0)","decl":{"start":{"line":17,"column":2},"end":{"line":17,"column":7}},"loc":{"start":{"line":17,"column":7},"end":{"line":17,"column":null}}},"1":{"name":"Button","decl":{"start":{"line":73,"column":24},"end":{"line":73,"column":30}},"loc":{"start":{"line":78,"column":14},"end":{"line":84,"column":1}}}},"branchMap":{"0":{"loc":{"start":{"line":75,"column":2},"end":{"line":75,"column":18}},"type":"cond-expr","locations":[{"start":{"line":75,"column":2},"end":{"line":75,"column":18}},{"start":{"line":75,"column":2},"end":{"line":75,"column":18}}]}},"s":{"0":4,"1":4,"2":4,"3":4,"4":4,"5":4,"6":8,"7":4,"8":4,"9":4,"10":4},"f":{"0":4,"1":4},"b":{"0":[4,0]}}
,"/Users/mwood/code/minerva-ui/src/Checkbox/index.tsx": {"path":"/Users/mwood/code/minerva-ui/src/Checkbox/index.tsx","statementMap":{"0":{"start":{"line":1,"column":0},"end":{"line":1,"column":26}},"1":{"start":{"line":2,"column":0},"end":{"line":2,"column":39}},"2":{"start":{"line":3,"column":0},"end":{"line":3,"column":null}},"3":{"start":{"line":15,"column":0},"end":{"line":15,"column":79}},"4":{"start":{"line":22,"column":26},"end":{"line":26,"column":2}},"5":{"start":{"line":33,"column":19},"end":{"line":63,"column":null}},"6":{"start":{"line":34,"column":30},"end":{"line":53,"column":null}},"7":{"start":{"line":66,"column":21},"end":{"line":81,"column":1}},"8":{"start":{"line":66,"column":24},"end":{"line":66,"column":39}},"9":{"start":{"line":66,"column":41},"end":{"line":66,"column":54}},"10":{"start":{"line":67,"column":2},"end":{"line":80,"column":4}},"11":{"start":{"line":83,"column":23},"end":{"line":92,"column":2}},"12":{"start":{"line":107,"column":10},"end":{"line":107,"column":18}},"13":{"start":{"line":107,"column":20},"end":{"line":107,"column":35}},"14":{"start":{"line":107,"column":37},"end":{"line":107,"column":45}},"15":{"start":{"line":109,"column":2},"end":{"line":121,"column":4}},"16":{"start":{"line":106,"column":0},"end":{"line":106,"column":24}}},"fnMap":{"0":{"name":"(anonymous_0)","decl":{"start":{"line":34,"column":2},"end":{"line":34,"column":3}},"loc":{"start":{"line":34,"column":25},"end":{"line":34,"column":31}}},"1":{"name":"(anonymous_1)","decl":{"start":{"line":66,"column":21},"end":{"line":66,"column":22}},"loc":{"start":{"line":66,"column":56},"end":{"line":81,"column":1}}},"2":{"name":"Checkbox","decl":{"start":{"line":106,"column":24},"end":{"line":106,"column":32}},"loc":{"start":{"line":106,"column":53},"end":{"line":122,"column":1}}}},"branchMap":{"0":{"loc":{"start":{"line":46,"column":33},"end":{"line":46,"column":39}},"type":"cond-expr","locations":[{"start":{"line":46,"column":33},"end":{"line":46,"column":39}},{"start":{"line":46,"column":42},"end":{"line":46,"column":51}}]},"1":{"loc":{"start":{"line":48,"column":8},"end":{"line":48,"column":34}},"type":"cond-expr","locations":[{"start":{"line":48,"column":8},"end":{"line":48,"column":34}},{"start":{"line":49,"column":8},"end":{"line":49,"column":42}}]},"2":{"loc":{"start":{"line":51,"column":8},"end":{"line":51,"column":42}},"type":"cond-expr","locations":[{"start":{"line":51,"column":8},"end":{"line":51,"column":42}},{"start":{"line":52,"column":8},"end":{"line":52,"column":42}}]},"3":{"loc":{"start":{"line":66,"column":24},"end":{"line":66,"column":39}},"type":"cond-expr","locations":[{"start":{"line":66,"column":24},"end":{"line":66,"column":39}},{"start":{"line":66,"column":24},"end":{"line":66,"column":39}}]},"4":{"loc":{"start":{"line":66,"column":41},"end":{"line":66,"column":54}},"type":"cond-expr","locations":[{"start":{"line":66,"column":41},"end":{"line":66,"column":54}},{"start":{"line":66,"column":41},"end":{"line":66,"column":54}}]},"5":{"loc":{"start":{"line":77,"column":24},"end":{"line":77,"column":28}},"type":"cond-expr","locations":[{"start":{"line":77,"column":24},"end":{"line":77,"column":28}},{"start":{"line":77,"column":31},"end":{"line":77,"column":44}}]},"6":{"loc":{"start":{"line":83,"column":33},"end":{"line":83,"column":null}},"type":"binary-expr","locations":[{"start":{"line":83,"column":33},"end":{"line":83,"column":null}},{"start":{"line":83,"column":33},"end":{"line":92,"column":2}}]},"7":{"loc":{"start":{"line":107,"column":20},"end":{"line":107,"column":35}},"type":"cond-expr","locations":[{"start":{"line":107,"column":20},"end":{"line":107,"column":35}},{"start":{"line":107,"column":20},"end":{"line":107,"column":35}}]}},"s":{"0":4,"1":4,"2":4,"3":4,"4":4,"5":4,"6":1,"7":4,"8":2,"9":2,"10":1,"11":4,"12":1,"13":2,"14":1,"15":1,"16":4},"f":{"0":1,"1":1,"2":1},"b":{"0":[0,1],"1":[0,1],"2":[0,1],"3":[0,1],"4":[1,0],"5":[0,1],"6":[4,4],"7":[1,0]}}
,"/Users/mwood/code/minerva-ui/src/Text/index.tsx": {"path":"/Users/mwood/code/minerva-ui/src/Text/index.tsx","statementMap":{"0":{"start":{"line":1,"column":0},"end":{"line":1,"column":26}},"1":{"start":{"line":2,"column":0},"end":{"line":2,"column":39}},"2":{"start":{"line":3,"column":0},"end":{"line":3,"column":null}},"3":{"start":{"line":16,"column":19},"end":{"line":32,"column":null}},"4":{"start":{"line":20,"column":11},"end":{"line":22,"column":null}},"5":{"start":{"line":41,"column":13},"end":{"line":47,"column":1}},"6":{"start":{"line":41,"column":16},"end":{"line":41,"column":24}},"7":{"start":{"line":41,"column":26},"end":{"line":41,"column":47}},"8":{"start":{"line":41,"column":49},"end":{"line":41,"column":57}},"9":{"start":{"line":42,"column":2},"end":{"line":46,"column":4}},"10":{"start":{"line":49,"column":0},"end":{"line":49,"column":20}}},"fnMap":{"0":{"name":"(anonymous_0)","decl":{"start":{"line":20,"column":2},"end":{"line":20,"column":7}},"loc":{"start":{"line":20,"column":7},"end":{"line":20,"column":null}}},"1":{"name":"(anonymous_1)","decl":{"start":{"line":41,"column":13},"end":{"line":41,"column":14}},"loc":{"start":{"line":41,"column":70},"end":{"line":47,"column":1}}}},"branchMap":{"0":{"loc":{"start":{"line":41,"column":26},"end":{"line":41,"column":47}},"type":"cond-expr","locations":[{"start":{"line":41,"column":26},"end":{"line":41,"column":47}},{"start":{"line":41,"column":26},"end":{"line":41,"column":47}}]}},"s":{"0":4,"1":4,"2":4,"3":4,"4":2,"5":4,"6":2,"7":4,"8":2,"9":2,"10":4},"f":{"0":2,"1":2},"b":{"0":[2,0]}}
}
