TN:
SF:/Users/mwood/code/minerva-ui/src/GlobalStyles.tsx
FN:459,(anonymous_0)
FNF:1
FNH:0
FNDA:0,(anonymous_0)
DA:1,4
DA:8,4
DA:460,0
DA:597,4
LF:4
LH:3
BRDA:8,0,0,4
BRDA:8,0,1,4
BRDA:460,1,0,0
BRDA:460,1,1,0
BRDA:460,1,2,0
BRF:5
BRH:2
end_of_record
TN:
SF:/Users/mwood/code/minerva-ui/src/ThemeProvider.tsx
FN:14,ThemeProvider
FNF:1
FNH:1
FNDA:13,ThemeProvider
DA:1,4
DA:2,4
DA:3,4
DA:14,26
DA:16,13
DA:31,4
LF:6
LH:6
BRDA:14,0,0,10
BRDA:14,0,1,3
BRF:2
BRH:2
end_of_record
TN:
SF:/Users/mwood/code/minerva-ui/src/index.tsx
FNF:0
FNH:0
DA:1,4
DA:2,4
DA:3,4
DA:4,4
DA:5,4
DA:6,4
DA:7,4
LF:7
LH:7
BRF:0
BRH:0
end_of_record
TN:
SF:/Users/mwood/code/minerva-ui/src/layout.tsx
FN:33,(anonymous_0)
FN:49,(anonymous_1)
FNF:2
FNH:2
FNDA:8,(anonymous_0)
FNDA:1,(anonymous_1)
DA:1,4
DA:2,4
DA:32,4
DA:33,8
DA:48,4
DA:49,1
LF:6
LH:6
BRF:0
BRH:0
end_of_record
TN:
SF:/Users/mwood/code/minerva-ui/src/theme.ts
FNF:0
FNH:0
DA:4,4
DA:12,4
DA:229,4
LF:3
LH:3
BRF:0
BRH:0
end_of_record
TN:
SF:/Users/mwood/code/minerva-ui/src/Button/index.tsx
FN:17,(anonymous_0)
FN:73,Button
FNF:2
FNH:2
FNDA:4,(anonymous_0)
FNDA:4,Button
DA:1,4
DA:2,4
DA:3,4
DA:16,4
DA:17,4
DA:73,4
DA:74,4
DA:75,8
DA:76,4
DA:77,4
DA:79,4
LF:11
LH:11
BRDA:75,0,0,4
BRDA:75,0,1,0
BRF:2
BRH:1
end_of_record
TN:
SF:/Users/mwood/code/minerva-ui/src/Checkbox/index.tsx
FN:34,(anonymous_0)
FN:66,(anonymous_1)
FN:106,Checkbox
FNF:3
FNH:3
FNDA:1,(anonymous_0)
FNDA:1,(anonymous_1)
FNDA:1,Checkbox
DA:1,4
DA:2,4
DA:3,4
DA:15,4
DA:22,4
DA:33,4
DA:34,1
DA:66,4
DA:67,1
DA:83,4
DA:106,4
DA:107,2
DA:109,1
LF:13
LH:13
BRDA:46,0,0,0
BRDA:46,0,1,1
BRDA:48,1,0,0
BRDA:48,1,1,1
BRDA:51,2,0,0
BRDA:51,2,1,1
BRDA:66,3,0,0
BRDA:66,3,1,1
BRDA:66,4,0,1
BRDA:66,4,1,0
BRDA:77,5,0,0
BRDA:77,5,1,1
BRDA:83,6,0,4
BRDA:83,6,1,4
BRDA:107,7,0,1
BRDA:107,7,1,0
BRF:16
BRH:9
end_of_record
TN:
SF:/Users/mwood/code/minerva-ui/src/Text/index.tsx
FN:20,(anonymous_0)
FN:41,(anonymous_1)
FNF:2
FNH:2
FNDA:2,(anonymous_0)
FNDA:2,(anonymous_1)
DA:1,4
DA:2,4
DA:3,4
DA:16,4
DA:20,2
DA:41,4
DA:42,2
DA:49,4
LF:8
LH:8
BRDA:41,0,0,2
BRDA:41,0,1,0
BRF:2
BRH:1
end_of_record
